Depending picnic.cpp ...
Depending ../src/fields/ElectroMagneticFields.cpp ...
Depending ../src/fields/FieldBC.cpp ...
Depending ../src/scattering/HardSphere.cpp ...
Depending ../src/scattering/VariableHardSphere.cpp ...
Depending ../src/scattering/Scattering.cpp ...
Depending ../src/scattering/TakizukaAbe.cpp ...
Depending ../src/special_operators/SpecialOperator.cpp ...
Depending ../src/species/pic/PicSpecies.cpp ...
Depending ../src/particle_tools/ParticleValidRegion.cpp ...
Depending ../src/particle_tools/ParticleIO.cpp ...
Depending ../src/particle_tools/JustinsParticle.cpp ...
Depending ../src/particle_tools/Particle.cpp ...
Depending ../src/particle_tools/BinItem.cpp ...
Depending ../src/particle_tools/JustinsParticlePtr.cpp ...
Depending ../src/particle_tools/MeshInterp.cpp ...
Depending ../src/utils/MathUtils.cpp ...
Depending ../src/utils/ParticleUtils.cpp ...
Depending ../src/utils/SpaceUtils.cpp ...
Depending ../src/core/System.cpp ...
Depending ../src/core/dataFileIO.cpp ...
Depending ../src/core/Simulation.cpp ...
Depending ../src/core/CodeUnits.cpp ...
Depending ../src/mesh/DomainGrid.cpp ...
Depending ../src/mesh/GridFunction.cpp ...
Depending ../src/mesh/BoundaryConditions.cpp ...
Depending ../src/mesh/BoundaryBoxLayout.cpp ...
Depending ../src/fields/ElectroMagneticFieldsF.ChF ...
Depending ../src/particle_tools/MeshInterpF.ChF ...
Depending ../src/utils/ParticleUtilsF.ChF ...
Depending ../src/utils/SpaceUtilsF.ChF ...
Depending ../src/mesh/BoundaryConditionsF.ChF ...
Depending ../src/mesh/DomainGridF.ChF ...
rm -f -r [odftp] cubin rose *.exe *.o SunWS_cache *.stb *.ii cxx_repository *_F.H *_CUX.H ../src/*_CUX.H ../src/mesh/*_CUX.H ../src/core/*_CUX.H ../src/utils/*_CUX.H ../src/particle_tools/*_CUX.H ../src/species/pic/*_CUX.H ../src/special_operators/*_CUX.H ../src/scattering/*_CUX.H ../src/fields/*_CUX.H *.mod core.* .\#* *.h5 *.hdf5 pout.* leak.out* .dummy time.table* .check.* *.a
rm -f *.ex
